<?xml version="1.0" encoding="UTF-8"?>
<!-- Generated by org.testng.reporters.JUnitXMLReporter -->
<testsuite ignored="0" hostname="DESKTOP-UPR3K5E" failures="0" tests="4" name="Test" time="570.667" errors="0" timestamp="2024-02-22T08:34:35 BDT">
  <testcase classname="Tests.Cart_Test" name="TCM_001" time="63.643"/>
  <testcase classname="Tests.Cart_Test" name="TCM_002" time="159.741"/>
  <testcase classname="Tests.Cart_Test" name="TCM_002" time="161.129"/>
  <testcase classname="Tests.Cart_Test" name="TCM_002" time="164.942"/>
</testsuite> <!-- Test -->
