<?xml version="1.0" encoding="UTF-8"?>
<!-- Generated by org.testng.reporters.JUnitXMLReporter -->
<testsuite ignored="0" hostname="DESKTOP-UPR3K5E" failures="0" tests="4" name="Test" time="564.829" errors="0" timestamp="2024-02-22T04:28:18 BDT">
  <testcase classname="Tests.Cart_Test" name="TCM_001" time="59.354"/>
  <testcase classname="Tests.Cart_Test" name="TCM_002" time="161.265"/>
  <testcase classname="Tests.Cart_Test" name="TCM_002" time="163.41"/>
  <testcase classname="Tests.Cart_Test" name="TCM_002" time="161.423"/>
</testsuite> <!-- Test -->
