<?xml version="1.0" encoding="UTF-8"?>
<testng-results ignored="0" total="4" passed="4" failed="0" skipped="0">
  <reporter-output>
  </reporter-output>
  <suite started-at="2024-02-22T04:18:53 BDT" name="Suite" finished-at="2024-02-22T04:28:18 BDT" duration-ms="564829">
    <groups>
      <group name="Cart">
        <method signature="Cart_Test.TCM_001()[pri:1, instance:Tests.Cart_Test@3e11f9e9]" name="TCM_001" class="Tests.Cart_Test"/>
        <method signature="Cart_Test.TCM_002(java.lang.String,java.lang.String,java.lang.String,java.lang.String,java.lang.String,java.lang.String,java.lang.String,java.lang.String,java.lang.String)[pri:2, instance:Tests.Cart_Test@3e11f9e9]" name="TCM_002" class="Tests.Cart_Test"/>
      </group> <!-- Cart -->
    </groups>
    <test started-at="2024-02-22T04:18:53 BDT" name="Test" finished-at="2024-02-22T04:28:18 BDT" duration-ms="564829">
      <class name="Tests.Cart_Test">
        <test-method is-config="true" signature="beforeSuite()[pri:0, instance:Tests.Cart_Test@3e11f9e9]" started-at="2024-02-22T04:18:53 BDT" name="beforeSuite" finished-at="2024-02-22T04:18:53 BDT" duration-ms="186" status="PASS">
          <reporter-output>
          </reporter-output>
        </test-method> <!-- beforeSuite -->
        <test-method is-config="true" signature="beforeTest()[pri:0, instance:Tests.Cart_Test@3e11f9e9]" started-at="2024-02-22T04:18:53 BDT" name="beforeTest" finished-at="2024-02-22T04:18:53 BDT" duration-ms="1" status="PASS">
          <reporter-output>
          </reporter-output>
        </test-method> <!-- beforeTest -->
        <test-method is-config="true" signature="beforeClass()[pri:0, instance:Tests.Cart_Test@3e11f9e9]" started-at="2024-02-22T04:18:53 BDT" name="beforeClass" finished-at="2024-02-22T04:18:53 BDT" duration-ms="1" status="PASS">
          <reporter-output>
          </reporter-output>
        </test-method> <!-- beforeClass -->
        <test-method is-config="true" signature="beforeMethod()[pri:0, instance:Tests.Cart_Test@3e11f9e9]" started-at="2024-02-22T04:18:53 BDT" name="beforeMethod" finished-at="2024-02-22T04:18:58 BDT" duration-ms="4774" status="PASS">
          <reporter-output>
          </reporter-output>
        </test-method> <!-- beforeMethod -->
        <test-method signature="TCM_001()[pri:1, instance:Tests.Cart_Test@3e11f9e9]" started-at="2024-02-22T04:18:58 BDT" name="TCM_001" description="Verify Customer add products in his shopping cart" finished-at="2024-02-22T04:19:57 BDT" duration-ms="59354" status="PASS">
          <reporter-output>
          </reporter-output>
        </test-method> <!-- TCM_001 -->
        <test-method is-config="true" signature="afterMethod()[pri:0, instance:Tests.Cart_Test@3e11f9e9]" started-at="2024-02-22T04:19:57 BDT" name="afterMethod" finished-at="2024-02-22T04:19:58 BDT" duration-ms="531" status="PASS">
          <reporter-output>
          </reporter-output>
        </test-method> <!-- afterMethod -->
        <test-method is-config="true" signature="beforeMethod()[pri:0, instance:Tests.Cart_Test@3e11f9e9]" started-at="2024-02-22T04:19:58 BDT" name="beforeMethod" finished-at="2024-02-22T04:20:03 BDT" duration-ms="4142" status="PASS">
          <reporter-output>
          </reporter-output>
        </test-method> <!-- beforeMethod -->
        <test-method signature="TCM_002(java.lang.String,java.lang.String,java.lang.String,java.lang.String,java.lang.String,java.lang.String,java.lang.String,java.lang.String,java.lang.String)[pri:2, instance:Tests.Cart_Test@3e11f9e9]" started-at="2024-02-22T04:20:03 BDT" name="TCM_002" description="Verify Customer successfully place order as a guest user" data-provider="billingInfo" finished-at="2024-02-22T04:22:44 BDT" duration-ms="161265" status="PASS">
          <params>
            <param index="0">
              <value>
                <![CDATA[Mike]]>
              </value>
            </param>
            <param index="1">
              <value>
                <![CDATA[Shinoda]]>
              </value>
            </param>
            <param index="2">
              <value>
                <![CDATA[mike@gmail.com]]>
              </value>
            </param>
            <param index="3">
              <value>
                <![CDATA[testCompany]]>
              </value>
            </param>
            <param index="4">
              <value>
                <![CDATA[testCity]]>
              </value>
            </param>
            <param index="5">
              <value>
                <![CDATA[testStreetAddress]]>
              </value>
            </param>
            <param index="6">
              <value>
                <![CDATA[123]]>
              </value>
            </param>
            <param index="7">
              <value>
                <![CDATA[1234567899]]>
              </value>
            </param>
            <param index="8">
              <value>
                <![CDATA[321]]>
              </value>
            </param>
          </params>
          <reporter-output>
          </reporter-output>
        </test-method> <!-- TCM_002 -->
        <test-method is-config="true" signature="afterMethod()[pri:0, instance:Tests.Cart_Test@3e11f9e9]" started-at="2024-02-22T04:22:44 BDT" name="afterMethod" finished-at="2024-02-22T04:22:44 BDT" duration-ms="269" status="PASS">
          <reporter-output>
          </reporter-output>
        </test-method> <!-- afterMethod -->
        <test-method is-config="true" signature="beforeMethod()[pri:0, instance:Tests.Cart_Test@3e11f9e9]" started-at="2024-02-22T04:22:44 BDT" name="beforeMethod" finished-at="2024-02-22T04:22:48 BDT" duration-ms="4214" status="PASS">
          <reporter-output>
          </reporter-output>
        </test-method> <!-- beforeMethod -->
        <test-method signature="TCM_002(java.lang.String,java.lang.String,java.lang.String,java.lang.String,java.lang.String,java.lang.String,java.lang.String,java.lang.String,java.lang.String)[pri:2, instance:Tests.Cart_Test@3e11f9e9]" started-at="2024-02-22T04:22:48 BDT" name="TCM_002" description="Verify Customer successfully place order as a guest user" data-provider="billingInfo" finished-at="2024-02-22T04:25:32 BDT" duration-ms="163410" status="PASS">
          <params>
            <param index="0">
              <value>
                <![CDATA[testFirstName]]>
              </value>
            </param>
            <param index="1">
              <value>
                <![CDATA[testLastName]]>
              </value>
            </param>
            <param index="2">
              <value>
                <![CDATA[test@test.com]]>
              </value>
            </param>
            <param index="3">
              <value>
                <![CDATA[testCompany2]]>
              </value>
            </param>
            <param index="4">
              <value>
                <![CDATA[testCity2]]>
              </value>
            </param>
            <param index="5">
              <value>
                <![CDATA[testStreetAddress2]]>
              </value>
            </param>
            <param index="6">
              <value>
                <![CDATA[1234]]>
              </value>
            </param>
            <param index="7">
              <value>
                <![CDATA[2147483647]]>
              </value>
            </param>
            <param index="8">
              <value>
                <![CDATA[3214]]>
              </value>
            </param>
          </params>
          <reporter-output>
          </reporter-output>
        </test-method> <!-- TCM_002 -->
        <test-method is-config="true" signature="afterMethod()[pri:0, instance:Tests.Cart_Test@3e11f9e9]" started-at="2024-02-22T04:25:32 BDT" name="afterMethod" finished-at="2024-02-22T04:25:32 BDT" duration-ms="229" status="PASS">
          <reporter-output>
          </reporter-output>
        </test-method> <!-- afterMethod -->
        <test-method is-config="true" signature="beforeMethod()[pri:0, instance:Tests.Cart_Test@3e11f9e9]" started-at="2024-02-22T04:25:32 BDT" name="beforeMethod" finished-at="2024-02-22T04:25:36 BDT" duration-ms="4344" status="PASS">
          <reporter-output>
          </reporter-output>
        </test-method> <!-- beforeMethod -->
        <test-method signature="TCM_002(java.lang.String,java.lang.String,java.lang.String,java.lang.String,java.lang.String,java.lang.String,java.lang.String,java.lang.String,java.lang.String)[pri:2, instance:Tests.Cart_Test@3e11f9e9]" started-at="2024-02-22T04:25:36 BDT" name="TCM_002" description="Verify Customer successfully place order as a guest user" data-provider="billingInfo" finished-at="2024-02-22T04:28:18 BDT" duration-ms="161423" status="PASS">
          <params>
            <param index="0">
              <value>
                <![CDATA[Obin]]>
              </value>
            </param>
            <param index="1">
              <value>
                <![CDATA[Tahmid]]>
              </value>
            </param>
            <param index="2">
              <value>
                <![CDATA[obin@tahmid.com]]>
              </value>
            </param>
            <param index="3">
              <value>
                <![CDATA[testCompany3]]>
              </value>
            </param>
            <param index="4">
              <value>
                <![CDATA[testCity3]]>
              </value>
            </param>
            <param index="5">
              <value>
                <![CDATA[testStreetAddress4]]>
              </value>
            </param>
            <param index="6">
              <value>
                <![CDATA[15234]]>
              </value>
            </param>
            <param index="7">
              <value>
                <![CDATA[997456321]]>
              </value>
            </param>
            <param index="8">
              <value>
                <![CDATA[37214]]>
              </value>
            </param>
          </params>
          <reporter-output>
          </reporter-output>
        </test-method> <!-- TCM_002 -->
        <test-method is-config="true" signature="afterMethod()[pri:0, instance:Tests.Cart_Test@3e11f9e9]" started-at="2024-02-22T04:28:18 BDT" name="afterMethod" finished-at="2024-02-22T04:28:18 BDT" duration-ms="400" status="PASS">
          <reporter-output>
          </reporter-output>
        </test-method> <!-- afterMethod -->
        <test-method is-config="true" signature="afterClass()[pri:0, instance:Tests.Cart_Test@3e11f9e9]" started-at="2024-02-22T04:28:18 BDT" name="afterClass" finished-at="2024-02-22T04:28:18 BDT" duration-ms="0" status="PASS">
          <reporter-output>
          </reporter-output>
        </test-method> <!-- afterClass -->
        <test-method is-config="true" signature="afterTest()[pri:0, instance:Tests.Cart_Test@3e11f9e9]" started-at="2024-02-22T04:28:18 BDT" name="afterTest" finished-at="2024-02-22T04:28:18 BDT" duration-ms="0" status="PASS">
          <reporter-output>
          </reporter-output>
        </test-method> <!-- afterTest -->
        <test-method is-config="true" signature="afterSuite()[pri:0, instance:Tests.Cart_Test@3e11f9e9]" started-at="2024-02-22T04:28:18 BDT" name="afterSuite" finished-at="2024-02-22T04:28:18 BDT" duration-ms="0" status="PASS">
          <reporter-output>
          </reporter-output>
        </test-method> <!-- afterSuite -->
      </class> <!-- Tests.Cart_Test -->
    </test> <!-- Test -->
  </suite> <!-- Suite -->
</testng-results>
