<?xml version="1.0" encoding="UTF-8"?>
<testng-results ignored="0" total="4" passed="4" failed="0" skipped="0">
  <reporter-output>
  </reporter-output>
  <suite started-at="2024-02-22T08:25:05 BDT" name="Suite" finished-at="2024-02-22T08:34:35 BDT" duration-ms="570667">
    <groups>
      <group name="Cart">
        <method signature="Cart_Test.TCM_001()[pri:1, instance:Tests.Cart_Test@729d991e]" name="TCM_001" class="Tests.Cart_Test"/>
        <method signature="Cart_Test.TCM_002(java.lang.String,java.lang.String,java.lang.String,java.lang.String,java.lang.String,java.lang.String,java.lang.String,java.lang.String,java.lang.String)[pri:2, instance:Tests.Cart_Test@729d991e]" name="TCM_002" class="Tests.Cart_Test"/>
      </group> <!-- Cart -->
    </groups>
    <test started-at="2024-02-22T08:25:05 BDT" name="Test" finished-at="2024-02-22T08:34:35 BDT" duration-ms="570667">
      <class name="Tests.Cart_Test">
        <test-method is-config="true" signature="beforeSuite()[pri:0, instance:Tests.Cart_Test@729d991e]" started-at="2024-02-22T08:25:04 BDT" name="beforeSuite" finished-at="2024-02-22T08:25:05 BDT" duration-ms="238" status="PASS">
          <reporter-output>
          </reporter-output>
        </test-method> <!-- beforeSuite -->
        <test-method is-config="true" signature="beforeTest()[pri:0, instance:Tests.Cart_Test@729d991e]" started-at="2024-02-22T08:25:05 BDT" name="beforeTest" finished-at="2024-02-22T08:25:05 BDT" duration-ms="0" status="PASS">
          <reporter-output>
          </reporter-output>
        </test-method> <!-- beforeTest -->
        <test-method is-config="true" signature="beforeClass()[pri:0, instance:Tests.Cart_Test@729d991e]" started-at="2024-02-22T08:25:05 BDT" name="beforeClass" finished-at="2024-02-22T08:25:05 BDT" duration-ms="0" status="PASS">
          <reporter-output>
          </reporter-output>
        </test-method> <!-- beforeClass -->
        <test-method is-config="true" signature="beforeMethod()[pri:0, instance:Tests.Cart_Test@729d991e]" started-at="2024-02-22T08:25:05 BDT" name="beforeMethod" finished-at="2024-02-22T08:25:12 BDT" duration-ms="6989" status="PASS">
          <reporter-output>
          </reporter-output>
        </test-method> <!-- beforeMethod -->
        <test-method signature="TCM_001()[pri:1, instance:Tests.Cart_Test@729d991e]" started-at="2024-02-22T08:25:12 BDT" name="TCM_001" description="Verify Customer add products in his shopping cart" finished-at="2024-02-22T08:26:15 BDT" duration-ms="63643" status="PASS">
          <reporter-output>
          </reporter-output>
        </test-method> <!-- TCM_001 -->
        <test-method is-config="true" signature="afterMethod()[pri:0, instance:Tests.Cart_Test@729d991e]" started-at="2024-02-22T08:26:15 BDT" name="afterMethod" finished-at="2024-02-22T08:26:16 BDT" duration-ms="517" status="PASS">
          <reporter-output>
          </reporter-output>
        </test-method> <!-- afterMethod -->
        <test-method is-config="true" signature="beforeMethod()[pri:0, instance:Tests.Cart_Test@729d991e]" started-at="2024-02-22T08:26:16 BDT" name="beforeMethod" finished-at="2024-02-22T08:26:20 BDT" duration-ms="4049" status="PASS">
          <reporter-output>
          </reporter-output>
        </test-method> <!-- beforeMethod -->
        <test-method signature="TCM_002(java.lang.String,java.lang.String,java.lang.String,java.lang.String,java.lang.String,java.lang.String,java.lang.String,java.lang.String,java.lang.String)[pri:2, instance:Tests.Cart_Test@729d991e]" started-at="2024-02-22T08:26:20 BDT" name="TCM_002" description="Verify Customer successfully place order as a guest user" data-provider="billingInfo" finished-at="2024-02-22T08:29:00 BDT" duration-ms="159741" status="PASS">
          <params>
            <param index="0">
              <value>
                <![CDATA[Mike]]>
              </value>
            </param>
            <param index="1">
              <value>
                <![CDATA[Shinoda]]>
              </value>
            </param>
            <param index="2">
              <value>
                <![CDATA[mike@gmail.com]]>
              </value>
            </param>
            <param index="3">
              <value>
                <![CDATA[testCompany]]>
              </value>
            </param>
            <param index="4">
              <value>
                <![CDATA[testCity]]>
              </value>
            </param>
            <param index="5">
              <value>
                <![CDATA[testStreetAddress]]>
              </value>
            </param>
            <param index="6">
              <value>
                <![CDATA[123]]>
              </value>
            </param>
            <param index="7">
              <value>
                <![CDATA[1234567899]]>
              </value>
            </param>
            <param index="8">
              <value>
                <![CDATA[321]]>
              </value>
            </param>
          </params>
          <reporter-output>
          </reporter-output>
        </test-method> <!-- TCM_002 -->
        <test-method is-config="true" signature="afterMethod()[pri:0, instance:Tests.Cart_Test@729d991e]" started-at="2024-02-22T08:29:00 BDT" name="afterMethod" finished-at="2024-02-22T08:29:01 BDT" duration-ms="412" status="PASS">
          <reporter-output>
          </reporter-output>
        </test-method> <!-- afterMethod -->
        <test-method is-config="true" signature="beforeMethod()[pri:0, instance:Tests.Cart_Test@729d991e]" started-at="2024-02-22T08:29:01 BDT" name="beforeMethod" finished-at="2024-02-22T08:29:05 BDT" duration-ms="4078" status="PASS">
          <reporter-output>
          </reporter-output>
        </test-method> <!-- beforeMethod -->
        <test-method signature="TCM_002(java.lang.String,java.lang.String,java.lang.String,java.lang.String,java.lang.String,java.lang.String,java.lang.String,java.lang.String,java.lang.String)[pri:2, instance:Tests.Cart_Test@729d991e]" started-at="2024-02-22T08:29:05 BDT" name="TCM_002" description="Verify Customer successfully place order as a guest user" data-provider="billingInfo" finished-at="2024-02-22T08:31:46 BDT" duration-ms="161129" status="PASS">
          <params>
            <param index="0">
              <value>
                <![CDATA[testFirstName]]>
              </value>
            </param>
            <param index="1">
              <value>
                <![CDATA[testLastName]]>
              </value>
            </param>
            <param index="2">
              <value>
                <![CDATA[test@test.com]]>
              </value>
            </param>
            <param index="3">
              <value>
                <![CDATA[testCompany2]]>
              </value>
            </param>
            <param index="4">
              <value>
                <![CDATA[testCity2]]>
              </value>
            </param>
            <param index="5">
              <value>
                <![CDATA[testStreetAddress2]]>
              </value>
            </param>
            <param index="6">
              <value>
                <![CDATA[1234]]>
              </value>
            </param>
            <param index="7">
              <value>
                <![CDATA[2147483647]]>
              </value>
            </param>
            <param index="8">
              <value>
                <![CDATA[3214]]>
              </value>
            </param>
          </params>
          <reporter-output>
          </reporter-output>
        </test-method> <!-- TCM_002 -->
        <test-method is-config="true" signature="afterMethod()[pri:0, instance:Tests.Cart_Test@729d991e]" started-at="2024-02-22T08:31:46 BDT" name="afterMethod" finished-at="2024-02-22T08:31:46 BDT" duration-ms="383" status="PASS">
          <reporter-output>
          </reporter-output>
        </test-method> <!-- afterMethod -->
        <test-method is-config="true" signature="beforeMethod()[pri:0, instance:Tests.Cart_Test@729d991e]" started-at="2024-02-22T08:31:46 BDT" name="beforeMethod" finished-at="2024-02-22T08:31:50 BDT" duration-ms="3945" status="PASS">
          <reporter-output>
          </reporter-output>
        </test-method> <!-- beforeMethod -->
        <test-method signature="TCM_002(java.lang.String,java.lang.String,java.lang.String,java.lang.String,java.lang.String,java.lang.String,java.lang.String,java.lang.String,java.lang.String)[pri:2, instance:Tests.Cart_Test@729d991e]" started-at="2024-02-22T08:31:50 BDT" name="TCM_002" description="Verify Customer successfully place order as a guest user" data-provider="billingInfo" finished-at="2024-02-22T08:34:35 BDT" duration-ms="164942" status="PASS">
          <params>
            <param index="0">
              <value>
                <![CDATA[Obin]]>
              </value>
            </param>
            <param index="1">
              <value>
                <![CDATA[Tahmid]]>
              </value>
            </param>
            <param index="2">
              <value>
                <![CDATA[obin@tahmid.com]]>
              </value>
            </param>
            <param index="3">
              <value>
                <![CDATA[testCompany3]]>
              </value>
            </param>
            <param index="4">
              <value>
                <![CDATA[testCity3]]>
              </value>
            </param>
            <param index="5">
              <value>
                <![CDATA[testStreetAddress4]]>
              </value>
            </param>
            <param index="6">
              <value>
                <![CDATA[15234]]>
              </value>
            </param>
            <param index="7">
              <value>
                <![CDATA[997456321]]>
              </value>
            </param>
            <param index="8">
              <value>
                <![CDATA[37214]]>
              </value>
            </param>
          </params>
          <reporter-output>
          </reporter-output>
        </test-method> <!-- TCM_002 -->
        <test-method is-config="true" signature="afterMethod()[pri:0, instance:Tests.Cart_Test@729d991e]" started-at="2024-02-22T08:34:35 BDT" name="afterMethod" finished-at="2024-02-22T08:34:35 BDT" duration-ms="311" status="PASS">
          <reporter-output>
          </reporter-output>
        </test-method> <!-- afterMethod -->
        <test-method is-config="true" signature="afterClass()[pri:0, instance:Tests.Cart_Test@729d991e]" started-at="2024-02-22T08:34:35 BDT" name="afterClass" finished-at="2024-02-22T08:34:35 BDT" duration-ms="0" status="PASS">
          <reporter-output>
          </reporter-output>
        </test-method> <!-- afterClass -->
        <test-method is-config="true" signature="afterTest()[pri:0, instance:Tests.Cart_Test@729d991e]" started-at="2024-02-22T08:34:35 BDT" name="afterTest" finished-at="2024-02-22T08:34:35 BDT" duration-ms="0" status="PASS">
          <reporter-output>
          </reporter-output>
        </test-method> <!-- afterTest -->
        <test-method is-config="true" signature="afterSuite()[pri:0, instance:Tests.Cart_Test@729d991e]" started-at="2024-02-22T08:34:35 BDT" name="afterSuite" finished-at="2024-02-22T08:34:35 BDT" duration-ms="0" status="PASS">
          <reporter-output>
          </reporter-output>
        </test-method> <!-- afterSuite -->
      </class> <!-- Tests.Cart_Test -->
    </test> <!-- Test -->
  </suite> <!-- Suite -->
</testng-results>
